<?xml version="1.0" encoding="UTF-8"?>
<!-- Generated by org.testng.reporters.JUnitXMLReporter -->
<testsuite ignored="0" hostname="DESKTOP-9FOPB7P" failures="0" tests="4" name="Test" time="21.672" errors="0" timestamp="2024-04-25T07:51:14 IST">
  <testcase classname="testcases.VerifyRegistrationTestCases" name="verifyRegistrationWithInvalidData" time="1.293"/>
  <testcase classname="testcases.VerifyRegistrationTestCases" name="verifyRegistrationWithValidData" time="2.619"/>
  <testcase classname="testcases.VerifyLoginTestCases" name="verifyLoginWithValidData" time="1.28"/>
  <testcase classname="testcases.VerifyLoginTestCases" name="verifyLoginithInValidData" time="5.132"/>
</testsuite> <!-- Test -->
