<?xml version="1.0" encoding="UTF-8"?>
<testng-results ignored="0" total="4" passed="4" failed="0" skipped="0">
  <reporter-output>
  </reporter-output>
  <suite started-at="2024-04-25T07:50:52 IST" name="Suite" finished-at="2024-04-25T07:51:14 IST" duration-ms="21672">
    <groups>
    </groups>
    <test started-at="2024-04-25T07:50:52 IST" name="Test" finished-at="2024-04-25T07:51:14 IST" duration-ms="21672">
      <class name="testcases.VerifyLoginTestCases">
        <test-method is-config="true" signature="launchBrowserAndUrl()[pri:0, instance:testcases.VerifyLoginTestCases@12aba8be]" started-at="2024-04-25T07:51:02 IST" name="launchBrowserAndUrl" finished-at="2024-04-25T07:51:05 IST" duration-ms="2530" status="PASS">
          <reporter-output>
          </reporter-output>
        </test-method> <!-- launchBrowserAndUrl -->
        <test-method signature="verifyLoginWithValidData()[pri:0, instance:testcases.VerifyLoginTestCases@12aba8be]" started-at="2024-04-25T07:51:05 IST" name="verifyLoginWithValidData" finished-at="2024-04-25T07:51:06 IST" duration-ms="1280" status="PASS">
          <reporter-output>
          </reporter-output>
        </test-method> <!-- verifyLoginWithValidData -->
        <test-method is-config="true" signature="launchBrowserAndUrl()[pri:0, instance:testcases.VerifyLoginTestCases@12aba8be]" started-at="2024-04-25T07:51:06 IST" name="launchBrowserAndUrl" finished-at="2024-04-25T07:51:09 IST" duration-ms="2777" status="PASS">
          <reporter-output>
          </reporter-output>
        </test-method> <!-- launchBrowserAndUrl -->
        <test-method signature="verifyLoginithInValidData()[pri:0, instance:testcases.VerifyLoginTestCases@12aba8be]" started-at="2024-04-25T07:51:09 IST" name="verifyLoginithInValidData" finished-at="2024-04-25T07:51:14 IST" duration-ms="5132" status="PASS">
          <reporter-output>
          </reporter-output>
        </test-method> <!-- verifyLoginithInValidData -->
      </class> <!-- testcases.VerifyLoginTestCases -->
      <class name="testcases.VerifyRegistrationTestCases">
        <test-method is-config="true" signature="launchBrowserAndUrl()[pri:0, instance:testcases.VerifyRegistrationTestCases@1a18644]" started-at="2024-04-25T07:50:52 IST" name="launchBrowserAndUrl" finished-at="2024-04-25T07:50:56 IST" duration-ms="3407" status="PASS">
          <reporter-output>
          </reporter-output>
        </test-method> <!-- launchBrowserAndUrl -->
        <test-method signature="verifyRegistrationWithInvalidData()[pri:0, instance:testcases.VerifyRegistrationTestCases@1a18644]" started-at="2024-04-25T07:50:56 IST" name="verifyRegistrationWithInvalidData" finished-at="2024-04-25T07:50:57 IST" duration-ms="1293" status="PASS">
          <reporter-output>
          </reporter-output>
        </test-method> <!-- verifyRegistrationWithInvalidData -->
        <test-method is-config="true" signature="launchBrowserAndUrl()[pri:0, instance:testcases.VerifyRegistrationTestCases@1a18644]" started-at="2024-04-25T07:50:57 IST" name="launchBrowserAndUrl" finished-at="2024-04-25T07:50:59 IST" duration-ms="2587" status="PASS">
          <reporter-output>
          </reporter-output>
        </test-method> <!-- launchBrowserAndUrl -->
        <test-method signature="verifyRegistrationWithValidData()[pri:0, instance:testcases.VerifyRegistrationTestCases@1a18644]" started-at="2024-04-25T07:50:59 IST" name="verifyRegistrationWithValidData" finished-at="2024-04-25T07:51:02 IST" duration-ms="2619" status="PASS">
          <reporter-output>
          </reporter-output>
        </test-method> <!-- verifyRegistrationWithValidData -->
      </class> <!-- testcases.VerifyRegistrationTestCases -->
    </test> <!-- Test -->
  </suite> <!-- Suite -->
</testng-results>
